<?xml version="1.0" encoding="UTF-8"?>
<testng-results ignored="0" total="1" passed="1" failed="0" skipped="0">
  <reporter-output>
  </reporter-output>
  <suite started-at="2024-07-06T08:59:46Z" name="Default suite" finished-at="2024-07-06T08:59:53Z" duration-ms="7211">
    <groups>
    </groups>
    <test started-at="2024-07-06T08:59:46Z" name="Default test" finished-at="2024-07-06T08:59:53Z" duration-ms="7211">
      <class name="tests.Contact_Us_Tests">
        <test-method is-config="true" signature="startdriver()[pri:0, instance:tests.Contact_Us_Tests@3e74829]" started-at="2024-07-06T08:59:36Z" name="startdriver" finished-at="2024-07-06T08:59:46Z" duration-ms="10287" status="PASS">
          <reporter-output>
          </reporter-output>
        </test-method> <!-- startdriver -->
        <test-method signature="Contact_US()[pri:0, instance:tests.Contact_Us_Tests@3e74829]" started-at="2024-07-06T08:59:46Z" name="Contact_US" finished-at="2024-07-06T08:59:53Z" duration-ms="7034" status="PASS">
          <reporter-output>
          </reporter-output>
        </test-method> <!-- Contact_US -->
        <test-method is-config="true" signature="Take_Screen_Shot(org.testng.ITestResult)[pri:0, instance:tests.Contact_Us_Tests@3e74829]" started-at="2024-07-06T08:59:53Z" name="Take_Screen_Shot" finished-at="2024-07-06T08:59:53Z" duration-ms="10" status="PASS">
          <params>
            <param index="0">
              <value>
                <![CDATA[[TestResult name=Contact_US status=SUCCESS method=Contact_Us_Tests.Contact_US()[pri:0, instance:tests.Contact_Us_Tests@3e74829] output={null}]]]>
              </value>
            </param>
          </params>
          <reporter-output>
          </reporter-output>
        </test-method> <!-- Take_Screen_Shot -->
        <test-method is-config="true" signature="stopdriver()[pri:0, instance:tests.Contact_Us_Tests@3e74829]" started-at="2024-07-06T08:59:54Z" name="stopdriver" finished-at="2024-07-06T08:59:54Z" duration-ms="741" status="PASS">
          <reporter-output>
          </reporter-output>
        </test-method> <!-- stopdriver -->
      </class> <!-- tests.Contact_Us_Tests -->
    </test> <!-- Default test -->
  </suite> <!-- Default suite -->
</testng-results>
